30.04.2024 10:07:26.567 [main] WARN  o.s.b.a.o.j.JpaBaseConfiguration$JpaWebConfiguration - spring.jpa.open-in-view is enabled by default. Therefore, database queries may be performed during view rendering. Explicitly configure spring.jpa.open-in-view to disable this warning
30.04.2024 11:00:51.065 [main] WARN  o.s.b.a.o.j.JpaBaseConfiguration$JpaWebConfiguration - spring.jpa.open-in-view is enabled by default. Therefore, database queries may be performed during view rendering. Explicitly configure spring.jpa.open-in-view to disable this warning
30.04.2024 11:29:19.134 [main] ERROR liquibase.changelog - ChangeSet db/changelog/changes/v0.0.1-SNAPSHOT/create-tables.sql::1::6ezdar encountered an exception.
liquibase.exception.DatabaseException: Key column 'user_info_id' doesn't exist in table [Failed SQL: (1072) CREATE TABLE IF NOT EXISTS user_info_role
(
    user_id binary(16) NOT NULL,
    role_id binary(16) NOT NULL,
    PRIMARY KEY (user_info_id, role_id),
    FOREIGN KEY (user_info_id) REFERENCES users (user_id),
    FOREIGN KEY (role_id) REFERENCES roles (role_id)
)]
	at liquibase.executor.jvm.JdbcExecutor$ExecuteStatementCallback.doInStatement(JdbcExecutor.java:470)
	at liquibase.executor.jvm.JdbcExecutor.execute(JdbcExecutor.java:77)
	at liquibase.executor.jvm.JdbcExecutor.execute(JdbcExecutor.java:179)
	at liquibase.executor.AbstractExecutor.execute(AbstractExecutor.java:141)
	at liquibase.database.AbstractJdbcDatabase.executeStatements(AbstractJdbcDatabase.java:1285)
	at liquibase.changelog.ChangeSet.execute(ChangeSet.java:755)
	at liquibase.changelog.visitor.UpdateVisitor.executeAcceptedChange(UpdateVisitor.java:119)
	at liquibase.changelog.visitor.UpdateVisitor.visit(UpdateVisitor.java:68)
	at liquibase.changelog.ChangeLogIterator$2.lambda$run$0(ChangeLogIterator.java:133)
	at liquibase.Scope.lambda$child$0(Scope.java:186)
	at liquibase.Scope.child(Scope.java:195)
	at liquibase.Scope.child(Scope.java:185)
	at liquibase.Scope.child(Scope.java:164)
	at liquibase.changelog.ChangeLogIterator$2.run(ChangeLogIterator.java:122)
	at liquibase.Scope.lambda$child$0(Scope.java:186)
	at liquibase.Scope.child(Scope.java:195)
	at liquibase.Scope.child(Scope.java:185)
	at liquibase.Scope.child(Scope.java:164)
	at liquibase.Scope.child(Scope.java:252)
	at liquibase.Scope.child(Scope.java:256)
	at liquibase.changelog.ChangeLogIterator.run(ChangeLogIterator.java:89)
	at liquibase.command.core.AbstractUpdateCommandStep.lambda$run$0(AbstractUpdateCommandStep.java:110)
	at liquibase.Scope.lambda$child$0(Scope.java:186)
	at liquibase.Scope.child(Scope.java:195)
	at liquibase.Scope.child(Scope.java:185)
	at liquibase.Scope.child(Scope.java:164)
	at liquibase.command.core.AbstractUpdateCommandStep.run(AbstractUpdateCommandStep.java:108)
	at liquibase.command.core.UpdateCommandStep.run(UpdateCommandStep.java:105)
	at liquibase.command.CommandScope.execute(CommandScope.java:217)
	at liquibase.Liquibase.lambda$update$0(Liquibase.java:245)
	at liquibase.Scope.lambda$child$0(Scope.java:186)
	at liquibase.Scope.child(Scope.java:195)
	at liquibase.Scope.child(Scope.java:185)
	at liquibase.Scope.child(Scope.java:164)
	at liquibase.Liquibase.runInScope(Liquibase.java:1419)
	at liquibase.Liquibase.update(Liquibase.java:234)
	at liquibase.Liquibase.update(Liquibase.java:212)
	at liquibase.integration.spring.SpringLiquibase.performUpdate(SpringLiquibase.java:343)
	at liquibase.integration.spring.SpringLiquibase.lambda$afterPropertiesSet$0(SpringLiquibase.java:294)
	at liquibase.Scope.lambda$child$0(Scope.java:186)
	at liquibase.Scope.child(Scope.java:195)
	at liquibase.Scope.child(Scope.java:185)
	at liquibase.Scope.child(Scope.java:164)
	at liquibase.Scope.child(Scope.java:252)
	at liquibase.integration.spring.SpringLiquibase.afterPropertiesSet(SpringLiquibase.java:287)
	at org.springframework.beans.factory.support.AbstractAutowireCapableBeanFactory.invokeInitMethods(AbstractAutowireCapableBeanFactory.java:1833)
	at org.springframework.beans.factory.support.AbstractAutowireCapableBeanFactory.initializeBean(AbstractAutowireCapableBeanFactory.java:1782)
	at org.springframework.beans.factory.support.AbstractAutowireCapableBeanFactory.doCreateBean(AbstractAutowireCapableBeanFactory.java:600)
	at org.springframework.beans.factory.support.AbstractAutowireCapableBeanFactory.createBean(AbstractAutowireCapableBeanFactory.java:522)
	at org.springframework.beans.factory.support.AbstractBeanFactory.lambda$doGetBean$0(AbstractBeanFactory.java:325)
	at org.springframework.beans.factory.support.DefaultSingletonBeanRegistry.getSingleton(DefaultSingletonBeanRegistry.java:234)
	at org.springframework.beans.factory.support.AbstractBeanFactory.doGetBean(AbstractBeanFactory.java:323)
	at org.springframework.beans.factory.support.AbstractBeanFactory.getBean(AbstractBeanFactory.java:199)
	at org.springframework.beans.factory.support.AbstractBeanFactory.doGetBean(AbstractBeanFactory.java:312)
	at org.springframework.beans.factory.support.AbstractBeanFactory.getBean(AbstractBeanFactory.java:199)
	at org.springframework.context.support.AbstractApplicationContext.getBean(AbstractApplicationContext.java:1231)
	at org.springframework.context.support.AbstractApplicationContext.finishBeanFactoryInitialization(AbstractApplicationContext.java:949)
	at org.springframework.context.support.AbstractApplicationContext.refresh(AbstractApplicationContext.java:624)
	at org.springframework.boot.web.servlet.context.ServletWebServerApplicationContext.refresh(ServletWebServerApplicationContext.java:146)
	at org.springframework.boot.SpringApplication.refresh(SpringApplication.java:754)
	at org.springframework.boot.SpringApplication.refreshContext(SpringApplication.java:456)
	at org.springframework.boot.SpringApplication.run(SpringApplication.java:334)
	at org.springframework.boot.SpringApplication.run(SpringApplication.java:1354)
	at org.springframework.boot.SpringApplication.run(SpringApplication.java:1343)
	at com.example.ticketmarket_pet.TicketMarketPetApplication.main(TicketMarketPetApplication.java:10)
Caused by: java.sql.SQLSyntaxErrorException: Key column 'user_info_id' doesn't exist in table
	at com.mysql.cj.jdbc.exceptions.SQLError.createSQLException(SQLError.java:121)
	at com.mysql.cj.jdbc.exceptions.SQLExceptionsMapping.translateException(SQLExceptionsMapping.java:122)
	at com.mysql.cj.jdbc.StatementImpl.executeInternal(StatementImpl.java:770)
	at com.mysql.cj.jdbc.StatementImpl.execute(StatementImpl.java:653)
	at com.zaxxer.hikari.pool.ProxyStatement.execute(ProxyStatement.java:94)
	at com.zaxxer.hikari.pool.HikariProxyStatement.execute(HikariProxyStatement.java)
	at liquibase.executor.jvm.JdbcExecutor$ExecuteStatementCallback.doInStatement(JdbcExecutor.java:464)
	... 64 common frames omitted
30.04.2024 11:29:19.150 [main] WARN  o.s.b.w.s.c.AnnotationConfigServletWebServerApplicationContext - Exception encountered during context initialization - cancelling refresh attempt: org.springframework.beans.factory.BeanCreationException: Error creating bean with name 'liquibase' defined in class path resource [org/springframework/boot/autoconfigure/liquibase/LiquibaseAutoConfiguration$LiquibaseConfiguration.class]: liquibase.exception.CommandExecutionException: liquibase.exception.LiquibaseException: liquibase.exception.MigrationFailedException: Migration failed for changeset db/changelog/changes/v0.0.1-SNAPSHOT/create-tables.sql::1::6ezdar:
     Reason: liquibase.exception.DatabaseException: Key column 'user_info_id' doesn't exist in table [Failed SQL: (1072) CREATE TABLE IF NOT EXISTS user_info_role
(
    user_id binary(16) NOT NULL,
    role_id binary(16) NOT NULL,
    PRIMARY KEY (user_info_id, role_id),
    FOREIGN KEY (user_info_id) REFERENCES users (user_id),
    FOREIGN KEY (role_id) REFERENCES roles (role_id)
)]
30.04.2024 11:29:19.181 [main] ERROR o.s.b.SpringApplication - Application run failed
org.springframework.beans.factory.BeanCreationException: Error creating bean with name 'liquibase' defined in class path resource [org/springframework/boot/autoconfigure/liquibase/LiquibaseAutoConfiguration$LiquibaseConfiguration.class]: liquibase.exception.CommandExecutionException: liquibase.exception.LiquibaseException: liquibase.exception.MigrationFailedException: Migration failed for changeset db/changelog/changes/v0.0.1-SNAPSHOT/create-tables.sql::1::6ezdar:
     Reason: liquibase.exception.DatabaseException: Key column 'user_info_id' doesn't exist in table [Failed SQL: (1072) CREATE TABLE IF NOT EXISTS user_info_role
(
    user_id binary(16) NOT NULL,
    role_id binary(16) NOT NULL,
    PRIMARY KEY (user_info_id, role_id),
    FOREIGN KEY (user_info_id) REFERENCES users (user_id),
    FOREIGN KEY (role_id) REFERENCES roles (role_id)
)]
	at org.springframework.beans.factory.support.AbstractAutowireCapableBeanFactory.initializeBean(AbstractAutowireCapableBeanFactory.java:1786)
	at org.springframework.beans.factory.support.AbstractAutowireCapableBeanFactory.doCreateBean(AbstractAutowireCapableBeanFactory.java:600)
	at org.springframework.beans.factory.support.AbstractAutowireCapableBeanFactory.createBean(AbstractAutowireCapableBeanFactory.java:522)
	at org.springframework.beans.factory.support.AbstractBeanFactory.lambda$doGetBean$0(AbstractBeanFactory.java:325)
	at org.springframework.beans.factory.support.DefaultSingletonBeanRegistry.getSingleton(DefaultSingletonBeanRegistry.java:234)
	at org.springframework.beans.factory.support.AbstractBeanFactory.doGetBean(AbstractBeanFactory.java:323)
	at org.springframework.beans.factory.support.AbstractBeanFactory.getBean(AbstractBeanFactory.java:199)
	at org.springframework.beans.factory.support.AbstractBeanFactory.doGetBean(AbstractBeanFactory.java:312)
	at org.springframework.beans.factory.support.AbstractBeanFactory.getBean(AbstractBeanFactory.java:199)
	at org.springframework.context.support.AbstractApplicationContext.getBean(AbstractApplicationContext.java:1231)
	at org.springframework.context.support.AbstractApplicationContext.finishBeanFactoryInitialization(AbstractApplicationContext.java:949)
	at org.springframework.context.support.AbstractApplicationContext.refresh(AbstractApplicationContext.java:624)
	at org.springframework.boot.web.servlet.context.ServletWebServerApplicationContext.refresh(ServletWebServerApplicationContext.java:146)
	at org.springframework.boot.SpringApplication.refresh(SpringApplication.java:754)
	at org.springframework.boot.SpringApplication.refreshContext(SpringApplication.java:456)
	at org.springframework.boot.SpringApplication.run(SpringApplication.java:334)
	at org.springframework.boot.SpringApplication.run(SpringApplication.java:1354)
	at org.springframework.boot.SpringApplication.run(SpringApplication.java:1343)
	at com.example.ticketmarket_pet.TicketMarketPetApplication.main(TicketMarketPetApplication.java:10)
Caused by: liquibase.exception.UnexpectedLiquibaseException: liquibase.exception.CommandExecutionException: liquibase.exception.LiquibaseException: liquibase.exception.MigrationFailedException: Migration failed for changeset db/changelog/changes/v0.0.1-SNAPSHOT/create-tables.sql::1::6ezdar:
     Reason: liquibase.exception.DatabaseException: Key column 'user_info_id' doesn't exist in table [Failed SQL: (1072) CREATE TABLE IF NOT EXISTS user_info_role
(
    user_id binary(16) NOT NULL,
    role_id binary(16) NOT NULL,
    PRIMARY KEY (user_info_id, role_id),
    FOREIGN KEY (user_info_id) REFERENCES users (user_id),
    FOREIGN KEY (role_id) REFERENCES roles (role_id)
)]
	at liquibase.integration.spring.SpringLiquibase.afterPropertiesSet(SpringLiquibase.java:304)
	at org.springframework.beans.factory.support.AbstractAutowireCapableBeanFactory.invokeInitMethods(AbstractAutowireCapableBeanFactory.java:1833)
	at org.springframework.beans.factory.support.AbstractAutowireCapableBeanFactory.initializeBean(AbstractAutowireCapableBeanFactory.java:1782)
	... 18 common frames omitted
Caused by: liquibase.exception.CommandExecutionException: liquibase.exception.LiquibaseException: liquibase.exception.MigrationFailedException: Migration failed for changeset db/changelog/changes/v0.0.1-SNAPSHOT/create-tables.sql::1::6ezdar:
     Reason: liquibase.exception.DatabaseException: Key column 'user_info_id' doesn't exist in table [Failed SQL: (1072) CREATE TABLE IF NOT EXISTS user_info_role
(
    user_id binary(16) NOT NULL,
    role_id binary(16) NOT NULL,
    PRIMARY KEY (user_info_id, role_id),
    FOREIGN KEY (user_info_id) REFERENCES users (user_id),
    FOREIGN KEY (role_id) REFERENCES roles (role_id)
)]
	at liquibase.command.CommandScope.execute(CommandScope.java:253)
	at liquibase.Liquibase.lambda$update$0(Liquibase.java:245)
	at liquibase.Scope.lambda$child$0(Scope.java:186)
	at liquibase.Scope.child(Scope.java:195)
	at liquibase.Scope.child(Scope.java:185)
	at liquibase.Scope.child(Scope.java:164)
	at liquibase.Liquibase.runInScope(Liquibase.java:1419)
	at liquibase.Liquibase.update(Liquibase.java:234)
	at liquibase.Liquibase.update(Liquibase.java:212)
	at liquibase.integration.spring.SpringLiquibase.performUpdate(SpringLiquibase.java:343)
	at liquibase.integration.spring.SpringLiquibase.lambda$afterPropertiesSet$0(SpringLiquibase.java:294)
	at liquibase.Scope.lambda$child$0(Scope.java:186)
	at liquibase.Scope.child(Scope.java:195)
	at liquibase.Scope.child(Scope.java:185)
	at liquibase.Scope.child(Scope.java:164)
	at liquibase.Scope.child(Scope.java:252)
	at liquibase.integration.spring.SpringLiquibase.afterPropertiesSet(SpringLiquibase.java:287)
	... 20 common frames omitted
Caused by: liquibase.exception.LiquibaseException: liquibase.exception.MigrationFailedException: Migration failed for changeset db/changelog/changes/v0.0.1-SNAPSHOT/create-tables.sql::1::6ezdar:
     Reason: liquibase.exception.DatabaseException: Key column 'user_info_id' doesn't exist in table [Failed SQL: (1072) CREATE TABLE IF NOT EXISTS user_info_role
(
    user_id binary(16) NOT NULL,
    role_id binary(16) NOT NULL,
    PRIMARY KEY (user_info_id, role_id),
    FOREIGN KEY (user_info_id) REFERENCES users (user_id),
    FOREIGN KEY (role_id) REFERENCES roles (role_id)
)]
	at liquibase.changelog.ChangeLogIterator.run(ChangeLogIterator.java:151)
	at liquibase.command.core.AbstractUpdateCommandStep.lambda$run$0(AbstractUpdateCommandStep.java:110)
	at liquibase.Scope.lambda$child$0(Scope.java:186)
	at liquibase.Scope.child(Scope.java:195)
	at liquibase.Scope.child(Scope.java:185)
	at liquibase.Scope.child(Scope.java:164)
	at liquibase.command.core.AbstractUpdateCommandStep.run(AbstractUpdateCommandStep.java:108)
	at liquibase.command.core.UpdateCommandStep.run(UpdateCommandStep.java:105)
	at liquibase.command.CommandScope.execute(CommandScope.java:217)
	... 36 common frames omitted
Caused by: liquibase.exception.MigrationFailedException: Migration failed for changeset db/changelog/changes/v0.0.1-SNAPSHOT/create-tables.sql::1::6ezdar:
     Reason: liquibase.exception.DatabaseException: Key column 'user_info_id' doesn't exist in table [Failed SQL: (1072) CREATE TABLE IF NOT EXISTS user_info_role
(
    user_id binary(16) NOT NULL,
    role_id binary(16) NOT NULL,
    PRIMARY KEY (user_info_id, role_id),
    FOREIGN KEY (user_info_id) REFERENCES users (user_id),
    FOREIGN KEY (role_id) REFERENCES roles (role_id)
)]
	at liquibase.changelog.ChangeSet.execute(ChangeSet.java:797)
	at liquibase.changelog.visitor.UpdateVisitor.executeAcceptedChange(UpdateVisitor.java:119)
	at liquibase.changelog.visitor.UpdateVisitor.visit(UpdateVisitor.java:68)
	at liquibase.changelog.ChangeLogIterator$2.lambda$run$0(ChangeLogIterator.java:133)
	at liquibase.Scope.lambda$child$0(Scope.java:186)
	at liquibase.Scope.child(Scope.java:195)
	at liquibase.Scope.child(Scope.java:185)
	at liquibase.Scope.child(Scope.java:164)
	at liquibase.changelog.ChangeLogIterator$2.run(ChangeLogIterator.java:122)
	at liquibase.Scope.lambda$child$0(Scope.java:186)
	at liquibase.Scope.child(Scope.java:195)
	at liquibase.Scope.child(Scope.java:185)
	at liquibase.Scope.child(Scope.java:164)
	at liquibase.Scope.child(Scope.java:252)
	at liquibase.Scope.child(Scope.java:256)
	at liquibase.changelog.ChangeLogIterator.run(ChangeLogIterator.java:89)
	... 44 common frames omitted
Caused by: liquibase.exception.DatabaseException: Key column 'user_info_id' doesn't exist in table [Failed SQL: (1072) CREATE TABLE IF NOT EXISTS user_info_role
(
    user_id binary(16) NOT NULL,
    role_id binary(16) NOT NULL,
    PRIMARY KEY (user_info_id, role_id),
    FOREIGN KEY (user_info_id) REFERENCES users (user_id),
    FOREIGN KEY (role_id) REFERENCES roles (role_id)
)]
	at liquibase.executor.jvm.JdbcExecutor$ExecuteStatementCallback.doInStatement(JdbcExecutor.java:470)
	at liquibase.executor.jvm.JdbcExecutor.execute(JdbcExecutor.java:77)
	at liquibase.executor.jvm.JdbcExecutor.execute(JdbcExecutor.java:179)
	at liquibase.executor.AbstractExecutor.execute(AbstractExecutor.java:141)
	at liquibase.database.AbstractJdbcDatabase.executeStatements(AbstractJdbcDatabase.java:1285)
	at liquibase.changelog.ChangeSet.execute(ChangeSet.java:755)
	... 59 common frames omitted
Caused by: java.sql.SQLSyntaxErrorException: Key column 'user_info_id' doesn't exist in table
	at com.mysql.cj.jdbc.exceptions.SQLError.createSQLException(SQLError.java:121)
	at com.mysql.cj.jdbc.exceptions.SQLExceptionsMapping.translateException(SQLExceptionsMapping.java:122)
	at com.mysql.cj.jdbc.StatementImpl.executeInternal(StatementImpl.java:770)
	at com.mysql.cj.jdbc.StatementImpl.execute(StatementImpl.java:653)
	at com.zaxxer.hikari.pool.ProxyStatement.execute(ProxyStatement.java:94)
	at com.zaxxer.hikari.pool.HikariProxyStatement.execute(HikariProxyStatement.java)
	at liquibase.executor.jvm.JdbcExecutor$ExecuteStatementCallback.doInStatement(JdbcExecutor.java:464)
	... 64 common frames omitted
30.04.2024 11:30:16.005 [main] ERROR liquibase.changelog - ChangeSet db/changelog/changes/v0.0.1-SNAPSHOT/insert-data-changelog.sql::1::6ezdar encountered an exception.
liquibase.exception.DatabaseException: Cannot add or update a child row: a foreign key constraint fails (`ticket_market`.`user_info_role`, CONSTRAINT `user_info_role_ibfk_1` FOREIGN KEY (`user_info_id`) REFERENCES `users` (`user_id`)) [Failed SQL: (1452) INSERT INTO user_info_role (user_info_id, role_id)
VALUES (UNHEX('e9df4121e6834b4d9537b8a7d822e7a2'), UNHEX('3e07e1705f2b47a0b9a7dc07936f9e4d'))]
	at liquibase.executor.jvm.JdbcExecutor$ExecuteStatementCallback.doInStatement(JdbcExecutor.java:470)
	at liquibase.executor.jvm.JdbcExecutor.execute(JdbcExecutor.java:77)
	at liquibase.executor.jvm.JdbcExecutor.execute(JdbcExecutor.java:179)
	at liquibase.executor.AbstractExecutor.execute(AbstractExecutor.java:141)
	at liquibase.database.AbstractJdbcDatabase.executeStatements(AbstractJdbcDatabase.java:1285)
	at liquibase.changelog.ChangeSet.execute(ChangeSet.java:755)
	at liquibase.changelog.visitor.UpdateVisitor.executeAcceptedChange(UpdateVisitor.java:119)
	at liquibase.changelog.visitor.UpdateVisitor.visit(UpdateVisitor.java:68)
	at liquibase.changelog.ChangeLogIterator$2.lambda$run$0(ChangeLogIterator.java:133)
	at liquibase.Scope.lambda$child$0(Scope.java:186)
	at liquibase.Scope.child(Scope.java:195)
	at liquibase.Scope.child(Scope.java:185)
	at liquibase.Scope.child(Scope.java:164)
	at liquibase.changelog.ChangeLogIterator$2.run(ChangeLogIterator.java:122)
	at liquibase.Scope.lambda$child$0(Scope.java:186)
	at liquibase.Scope.child(Scope.java:195)
	at liquibase.Scope.child(Scope.java:185)
	at liquibase.Scope.child(Scope.java:164)
	at liquibase.Scope.child(Scope.java:252)
	at liquibase.Scope.child(Scope.java:256)
	at liquibase.changelog.ChangeLogIterator.run(ChangeLogIterator.java:89)
	at liquibase.command.core.AbstractUpdateCommandStep.lambda$run$0(AbstractUpdateCommandStep.java:110)
	at liquibase.Scope.lambda$child$0(Scope.java:186)
	at liquibase.Scope.child(Scope.java:195)
	at liquibase.Scope.child(Scope.java:185)
	at liquibase.Scope.child(Scope.java:164)
	at liquibase.command.core.AbstractUpdateCommandStep.run(AbstractUpdateCommandStep.java:108)
	at liquibase.command.core.UpdateCommandStep.run(UpdateCommandStep.java:105)
	at liquibase.command.CommandScope.execute(CommandScope.java:217)
	at liquibase.Liquibase.lambda$update$0(Liquibase.java:245)
	at liquibase.Scope.lambda$child$0(Scope.java:186)
	at liquibase.Scope.child(Scope.java:195)
	at liquibase.Scope.child(Scope.java:185)
	at liquibase.Scope.child(Scope.java:164)
	at liquibase.Liquibase.runInScope(Liquibase.java:1419)
	at liquibase.Liquibase.update(Liquibase.java:234)
	at liquibase.Liquibase.update(Liquibase.java:212)
	at liquibase.integration.spring.SpringLiquibase.performUpdate(SpringLiquibase.java:343)
	at liquibase.integration.spring.SpringLiquibase.lambda$afterPropertiesSet$0(SpringLiquibase.java:294)
	at liquibase.Scope.lambda$child$0(Scope.java:186)
	at liquibase.Scope.child(Scope.java:195)
	at liquibase.Scope.child(Scope.java:185)
	at liquibase.Scope.child(Scope.java:164)
	at liquibase.Scope.child(Scope.java:252)
	at liquibase.integration.spring.SpringLiquibase.afterPropertiesSet(SpringLiquibase.java:287)
	at org.springframework.beans.factory.support.AbstractAutowireCapableBeanFactory.invokeInitMethods(AbstractAutowireCapableBeanFactory.java:1833)
	at org.springframework.beans.factory.support.AbstractAutowireCapableBeanFactory.initializeBean(AbstractAutowireCapableBeanFactory.java:1782)
	at org.springframework.beans.factory.support.AbstractAutowireCapableBeanFactory.doCreateBean(AbstractAutowireCapableBeanFactory.java:600)
	at org.springframework.beans.factory.support.AbstractAutowireCapableBeanFactory.createBean(AbstractAutowireCapableBeanFactory.java:522)
	at org.springframework.beans.factory.support.AbstractBeanFactory.lambda$doGetBean$0(AbstractBeanFactory.java:325)
	at org.springframework.beans.factory.support.DefaultSingletonBeanRegistry.getSingleton(DefaultSingletonBeanRegistry.java:234)
	at org.springframework.beans.factory.support.AbstractBeanFactory.doGetBean(AbstractBeanFactory.java:323)
	at org.springframework.beans.factory.support.AbstractBeanFactory.getBean(AbstractBeanFactory.java:199)
	at org.springframework.beans.factory.support.AbstractBeanFactory.doGetBean(AbstractBeanFactory.java:312)
	at org.springframework.beans.factory.support.AbstractBeanFactory.getBean(AbstractBeanFactory.java:199)
	at org.springframework.context.support.AbstractApplicationContext.getBean(AbstractApplicationContext.java:1231)
	at org.springframework.context.support.AbstractApplicationContext.finishBeanFactoryInitialization(AbstractApplicationContext.java:949)
	at org.springframework.context.support.AbstractApplicationContext.refresh(AbstractApplicationContext.java:624)
	at org.springframework.boot.web.servlet.context.ServletWebServerApplicationContext.refresh(ServletWebServerApplicationContext.java:146)
	at org.springframework.boot.SpringApplication.refresh(SpringApplication.java:754)
	at org.springframework.boot.SpringApplication.refreshContext(SpringApplication.java:456)
	at org.springframework.boot.SpringApplication.run(SpringApplication.java:334)
	at org.springframework.boot.SpringApplication.run(SpringApplication.java:1354)
	at org.springframework.boot.SpringApplication.run(SpringApplication.java:1343)
	at com.example.ticketmarket_pet.TicketMarketPetApplication.main(TicketMarketPetApplication.java:10)
Caused by: java.sql.SQLIntegrityConstraintViolationException: Cannot add or update a child row: a foreign key constraint fails (`ticket_market`.`user_info_role`, CONSTRAINT `user_info_role_ibfk_1` FOREIGN KEY (`user_info_id`) REFERENCES `users` (`user_id`))
	at com.mysql.cj.jdbc.exceptions.SQLError.createSQLException(SQLError.java:118)
	at com.mysql.cj.jdbc.exceptions.SQLExceptionsMapping.translateException(SQLExceptionsMapping.java:122)
	at com.mysql.cj.jdbc.StatementImpl.executeInternal(StatementImpl.java:770)
	at com.mysql.cj.jdbc.StatementImpl.execute(StatementImpl.java:653)
	at com.zaxxer.hikari.pool.ProxyStatement.execute(ProxyStatement.java:94)
	at com.zaxxer.hikari.pool.HikariProxyStatement.execute(HikariProxyStatement.java)
	at liquibase.executor.jvm.JdbcExecutor$ExecuteStatementCallback.doInStatement(JdbcExecutor.java:464)
	... 64 common frames omitted
30.04.2024 11:30:16.022 [main] WARN  o.s.b.w.s.c.AnnotationConfigServletWebServerApplicationContext - Exception encountered during context initialization - cancelling refresh attempt: org.springframework.beans.factory.BeanCreationException: Error creating bean with name 'liquibase' defined in class path resource [org/springframework/boot/autoconfigure/liquibase/LiquibaseAutoConfiguration$LiquibaseConfiguration.class]: liquibase.exception.CommandExecutionException: liquibase.exception.LiquibaseException: liquibase.exception.MigrationFailedException: Migration failed for changeset db/changelog/changes/v0.0.1-SNAPSHOT/insert-data-changelog.sql::1::6ezdar:
     Reason: liquibase.exception.DatabaseException: Cannot add or update a child row: a foreign key constraint fails (`ticket_market`.`user_info_role`, CONSTRAINT `user_info_role_ibfk_1` FOREIGN KEY (`user_info_id`) REFERENCES `users` (`user_id`)) [Failed SQL: (1452) INSERT INTO user_info_role (user_info_id, role_id)
VALUES (UNHEX('e9df4121e6834b4d9537b8a7d822e7a2'), UNHEX('3e07e1705f2b47a0b9a7dc07936f9e4d'))]
30.04.2024 11:30:16.048 [main] ERROR o.s.b.SpringApplication - Application run failed
org.springframework.beans.factory.BeanCreationException: Error creating bean with name 'liquibase' defined in class path resource [org/springframework/boot/autoconfigure/liquibase/LiquibaseAutoConfiguration$LiquibaseConfiguration.class]: liquibase.exception.CommandExecutionException: liquibase.exception.LiquibaseException: liquibase.exception.MigrationFailedException: Migration failed for changeset db/changelog/changes/v0.0.1-SNAPSHOT/insert-data-changelog.sql::1::6ezdar:
     Reason: liquibase.exception.DatabaseException: Cannot add or update a child row: a foreign key constraint fails (`ticket_market`.`user_info_role`, CONSTRAINT `user_info_role_ibfk_1` FOREIGN KEY (`user_info_id`) REFERENCES `users` (`user_id`)) [Failed SQL: (1452) INSERT INTO user_info_role (user_info_id, role_id)
VALUES (UNHEX('e9df4121e6834b4d9537b8a7d822e7a2'), UNHEX('3e07e1705f2b47a0b9a7dc07936f9e4d'))]
	at org.springframework.beans.factory.support.AbstractAutowireCapableBeanFactory.initializeBean(AbstractAutowireCapableBeanFactory.java:1786)
	at org.springframework.beans.factory.support.AbstractAutowireCapableBeanFactory.doCreateBean(AbstractAutowireCapableBeanFactory.java:600)
	at org.springframework.beans.factory.support.AbstractAutowireCapableBeanFactory.createBean(AbstractAutowireCapableBeanFactory.java:522)
	at org.springframework.beans.factory.support.AbstractBeanFactory.lambda$doGetBean$0(AbstractBeanFactory.java:325)
	at org.springframework.beans.factory.support.DefaultSingletonBeanRegistry.getSingleton(DefaultSingletonBeanRegistry.java:234)
	at org.springframework.beans.factory.support.AbstractBeanFactory.doGetBean(AbstractBeanFactory.java:323)
	at org.springframework.beans.factory.support.AbstractBeanFactory.getBean(AbstractBeanFactory.java:199)
	at org.springframework.beans.factory.support.AbstractBeanFactory.doGetBean(AbstractBeanFactory.java:312)
	at org.springframework.beans.factory.support.AbstractBeanFactory.getBean(AbstractBeanFactory.java:199)
	at org.springframework.context.support.AbstractApplicationContext.getBean(AbstractApplicationContext.java:1231)
	at org.springframework.context.support.AbstractApplicationContext.finishBeanFactoryInitialization(AbstractApplicationContext.java:949)
	at org.springframework.context.support.AbstractApplicationContext.refresh(AbstractApplicationContext.java:624)
	at org.springframework.boot.web.servlet.context.ServletWebServerApplicationContext.refresh(ServletWebServerApplicationContext.java:146)
	at org.springframework.boot.SpringApplication.refresh(SpringApplication.java:754)
	at org.springframework.boot.SpringApplication.refreshContext(SpringApplication.java:456)
	at org.springframework.boot.SpringApplication.run(SpringApplication.java:334)
	at org.springframework.boot.SpringApplication.run(SpringApplication.java:1354)
	at org.springframework.boot.SpringApplication.run(SpringApplication.java:1343)
	at com.example.ticketmarket_pet.TicketMarketPetApplication.main(TicketMarketPetApplication.java:10)
Caused by: liquibase.exception.UnexpectedLiquibaseException: liquibase.exception.CommandExecutionException: liquibase.exception.LiquibaseException: liquibase.exception.MigrationFailedException: Migration failed for changeset db/changelog/changes/v0.0.1-SNAPSHOT/insert-data-changelog.sql::1::6ezdar:
     Reason: liquibase.exception.DatabaseException: Cannot add or update a child row: a foreign key constraint fails (`ticket_market`.`user_info_role`, CONSTRAINT `user_info_role_ibfk_1` FOREIGN KEY (`user_info_id`) REFERENCES `users` (`user_id`)) [Failed SQL: (1452) INSERT INTO user_info_role (user_info_id, role_id)
VALUES (UNHEX('e9df4121e6834b4d9537b8a7d822e7a2'), UNHEX('3e07e1705f2b47a0b9a7dc07936f9e4d'))]
	at liquibase.integration.spring.SpringLiquibase.afterPropertiesSet(SpringLiquibase.java:304)
	at org.springframework.beans.factory.support.AbstractAutowireCapableBeanFactory.invokeInitMethods(AbstractAutowireCapableBeanFactory.java:1833)
	at org.springframework.beans.factory.support.AbstractAutowireCapableBeanFactory.initializeBean(AbstractAutowireCapableBeanFactory.java:1782)
	... 18 common frames omitted
Caused by: liquibase.exception.CommandExecutionException: liquibase.exception.LiquibaseException: liquibase.exception.MigrationFailedException: Migration failed for changeset db/changelog/changes/v0.0.1-SNAPSHOT/insert-data-changelog.sql::1::6ezdar:
     Reason: liquibase.exception.DatabaseException: Cannot add or update a child row: a foreign key constraint fails (`ticket_market`.`user_info_role`, CONSTRAINT `user_info_role_ibfk_1` FOREIGN KEY (`user_info_id`) REFERENCES `users` (`user_id`)) [Failed SQL: (1452) INSERT INTO user_info_role (user_info_id, role_id)
VALUES (UNHEX('e9df4121e6834b4d9537b8a7d822e7a2'), UNHEX('3e07e1705f2b47a0b9a7dc07936f9e4d'))]
	at liquibase.command.CommandScope.execute(CommandScope.java:253)
	at liquibase.Liquibase.lambda$update$0(Liquibase.java:245)
	at liquibase.Scope.lambda$child$0(Scope.java:186)
	at liquibase.Scope.child(Scope.java:195)
	at liquibase.Scope.child(Scope.java:185)
	at liquibase.Scope.child(Scope.java:164)
	at liquibase.Liquibase.runInScope(Liquibase.java:1419)
	at liquibase.Liquibase.update(Liquibase.java:234)
	at liquibase.Liquibase.update(Liquibase.java:212)
	at liquibase.integration.spring.SpringLiquibase.performUpdate(SpringLiquibase.java:343)
	at liquibase.integration.spring.SpringLiquibase.lambda$afterPropertiesSet$0(SpringLiquibase.java:294)
	at liquibase.Scope.lambda$child$0(Scope.java:186)
	at liquibase.Scope.child(Scope.java:195)
	at liquibase.Scope.child(Scope.java:185)
	at liquibase.Scope.child(Scope.java:164)
	at liquibase.Scope.child(Scope.java:252)
	at liquibase.integration.spring.SpringLiquibase.afterPropertiesSet(SpringLiquibase.java:287)
	... 20 common frames omitted
Caused by: liquibase.exception.LiquibaseException: liquibase.exception.MigrationFailedException: Migration failed for changeset db/changelog/changes/v0.0.1-SNAPSHOT/insert-data-changelog.sql::1::6ezdar:
     Reason: liquibase.exception.DatabaseException: Cannot add or update a child row: a foreign key constraint fails (`ticket_market`.`user_info_role`, CONSTRAINT `user_info_role_ibfk_1` FOREIGN KEY (`user_info_id`) REFERENCES `users` (`user_id`)) [Failed SQL: (1452) INSERT INTO user_info_role (user_info_id, role_id)
VALUES (UNHEX('e9df4121e6834b4d9537b8a7d822e7a2'), UNHEX('3e07e1705f2b47a0b9a7dc07936f9e4d'))]
	at liquibase.changelog.ChangeLogIterator.run(ChangeLogIterator.java:151)
	at liquibase.command.core.AbstractUpdateCommandStep.lambda$run$0(AbstractUpdateCommandStep.java:110)
	at liquibase.Scope.lambda$child$0(Scope.java:186)
	at liquibase.Scope.child(Scope.java:195)
	at liquibase.Scope.child(Scope.java:185)
	at liquibase.Scope.child(Scope.java:164)
	at liquibase.command.core.AbstractUpdateCommandStep.run(AbstractUpdateCommandStep.java:108)
	at liquibase.command.core.UpdateCommandStep.run(UpdateCommandStep.java:105)
	at liquibase.command.CommandScope.execute(CommandScope.java:217)
	... 36 common frames omitted
Caused by: liquibase.exception.MigrationFailedException: Migration failed for changeset db/changelog/changes/v0.0.1-SNAPSHOT/insert-data-changelog.sql::1::6ezdar:
     Reason: liquibase.exception.DatabaseException: Cannot add or update a child row: a foreign key constraint fails (`ticket_market`.`user_info_role`, CONSTRAINT `user_info_role_ibfk_1` FOREIGN KEY (`user_info_id`) REFERENCES `users` (`user_id`)) [Failed SQL: (1452) INSERT INTO user_info_role (user_info_id, role_id)
VALUES (UNHEX('e9df4121e6834b4d9537b8a7d822e7a2'), UNHEX('3e07e1705f2b47a0b9a7dc07936f9e4d'))]
	at liquibase.changelog.ChangeSet.execute(ChangeSet.java:797)
	at liquibase.changelog.visitor.UpdateVisitor.executeAcceptedChange(UpdateVisitor.java:119)
	at liquibase.changelog.visitor.UpdateVisitor.visit(UpdateVisitor.java:68)
	at liquibase.changelog.ChangeLogIterator$2.lambda$run$0(ChangeLogIterator.java:133)
	at liquibase.Scope.lambda$child$0(Scope.java:186)
	at liquibase.Scope.child(Scope.java:195)
	at liquibase.Scope.child(Scope.java:185)
	at liquibase.Scope.child(Scope.java:164)
	at liquibase.changelog.ChangeLogIterator$2.run(ChangeLogIterator.java:122)
	at liquibase.Scope.lambda$child$0(Scope.java:186)
	at liquibase.Scope.child(Scope.java:195)
	at liquibase.Scope.child(Scope.java:185)
	at liquibase.Scope.child(Scope.java:164)
	at liquibase.Scope.child(Scope.java:252)
	at liquibase.Scope.child(Scope.java:256)
	at liquibase.changelog.ChangeLogIterator.run(ChangeLogIterator.java:89)
	... 44 common frames omitted
Caused by: liquibase.exception.DatabaseException: Cannot add or update a child row: a foreign key constraint fails (`ticket_market`.`user_info_role`, CONSTRAINT `user_info_role_ibfk_1` FOREIGN KEY (`user_info_id`) REFERENCES `users` (`user_id`)) [Failed SQL: (1452) INSERT INTO user_info_role (user_info_id, role_id)
VALUES (UNHEX('e9df4121e6834b4d9537b8a7d822e7a2'), UNHEX('3e07e1705f2b47a0b9a7dc07936f9e4d'))]
	at liquibase.executor.jvm.JdbcExecutor$ExecuteStatementCallback.doInStatement(JdbcExecutor.java:470)
	at liquibase.executor.jvm.JdbcExecutor.execute(JdbcExecutor.java:77)
	at liquibase.executor.jvm.JdbcExecutor.execute(JdbcExecutor.java:179)
	at liquibase.executor.AbstractExecutor.execute(AbstractExecutor.java:141)
	at liquibase.database.AbstractJdbcDatabase.executeStatements(AbstractJdbcDatabase.java:1285)
	at liquibase.changelog.ChangeSet.execute(ChangeSet.java:755)
	... 59 common frames omitted
Caused by: java.sql.SQLIntegrityConstraintViolationException: Cannot add or update a child row: a foreign key constraint fails (`ticket_market`.`user_info_role`, CONSTRAINT `user_info_role_ibfk_1` FOREIGN KEY (`user_info_id`) REFERENCES `users` (`user_id`))
	at com.mysql.cj.jdbc.exceptions.SQLError.createSQLException(SQLError.java:118)
	at com.mysql.cj.jdbc.exceptions.SQLExceptionsMapping.translateException(SQLExceptionsMapping.java:122)
	at com.mysql.cj.jdbc.StatementImpl.executeInternal(StatementImpl.java:770)
	at com.mysql.cj.jdbc.StatementImpl.execute(StatementImpl.java:653)
	at com.zaxxer.hikari.pool.ProxyStatement.execute(ProxyStatement.java:94)
	at com.zaxxer.hikari.pool.HikariProxyStatement.execute(HikariProxyStatement.java)
	at liquibase.executor.jvm.JdbcExecutor$ExecuteStatementCallback.doInStatement(JdbcExecutor.java:464)
	... 64 common frames omitted
30.04.2024 11:30:54.095 [main] ERROR liquibase.changelog - ChangeSet db/changelog/changes/v0.0.1-SNAPSHOT/insert-data-changelog.sql::1::6ezdar encountered an exception.
liquibase.exception.DatabaseException: Table 'ticket_market.user_role' doesn't exist [Failed SQL: (1146) INSERT INTO user_role (user_info_id, role_id)
VALUES (UNHEX('6f8202f6b9034cc789aeb332b2d23de5'), UNHEX('9f8d21ee3b9b42cd8f2adf1a5f964356'))]
	at liquibase.executor.jvm.JdbcExecutor$ExecuteStatementCallback.doInStatement(JdbcExecutor.java:470)
	at liquibase.executor.jvm.JdbcExecutor.execute(JdbcExecutor.java:77)
	at liquibase.executor.jvm.JdbcExecutor.execute(JdbcExecutor.java:179)
	at liquibase.executor.AbstractExecutor.execute(AbstractExecutor.java:141)
	at liquibase.database.AbstractJdbcDatabase.executeStatements(AbstractJdbcDatabase.java:1285)
	at liquibase.changelog.ChangeSet.execute(ChangeSet.java:755)
	at liquibase.changelog.visitor.UpdateVisitor.executeAcceptedChange(UpdateVisitor.java:119)
	at liquibase.changelog.visitor.UpdateVisitor.visit(UpdateVisitor.java:68)
	at liquibase.changelog.ChangeLogIterator$2.lambda$run$0(ChangeLogIterator.java:133)
	at liquibase.Scope.lambda$child$0(Scope.java:186)
	at liquibase.Scope.child(Scope.java:195)
	at liquibase.Scope.child(Scope.java:185)
	at liquibase.Scope.child(Scope.java:164)
	at liquibase.changelog.ChangeLogIterator$2.run(ChangeLogIterator.java:122)
	at liquibase.Scope.lambda$child$0(Scope.java:186)
	at liquibase.Scope.child(Scope.java:195)
	at liquibase.Scope.child(Scope.java:185)
	at liquibase.Scope.child(Scope.java:164)
	at liquibase.Scope.child(Scope.java:252)
	at liquibase.Scope.child(Scope.java:256)
	at liquibase.changelog.ChangeLogIterator.run(ChangeLogIterator.java:89)
	at liquibase.command.core.AbstractUpdateCommandStep.lambda$run$0(AbstractUpdateCommandStep.java:110)
	at liquibase.Scope.lambda$child$0(Scope.java:186)
	at liquibase.Scope.child(Scope.java:195)
	at liquibase.Scope.child(Scope.java:185)
	at liquibase.Scope.child(Scope.java:164)
	at liquibase.command.core.AbstractUpdateCommandStep.run(AbstractUpdateCommandStep.java:108)
	at liquibase.command.core.UpdateCommandStep.run(UpdateCommandStep.java:105)
	at liquibase.command.CommandScope.execute(CommandScope.java:217)
	at liquibase.Liquibase.lambda$update$0(Liquibase.java:245)
	at liquibase.Scope.lambda$child$0(Scope.java:186)
	at liquibase.Scope.child(Scope.java:195)
	at liquibase.Scope.child(Scope.java:185)
	at liquibase.Scope.child(Scope.java:164)
	at liquibase.Liquibase.runInScope(Liquibase.java:1419)
	at liquibase.Liquibase.update(Liquibase.java:234)
	at liquibase.Liquibase.update(Liquibase.java:212)
	at liquibase.integration.spring.SpringLiquibase.performUpdate(SpringLiquibase.java:343)
	at liquibase.integration.spring.SpringLiquibase.lambda$afterPropertiesSet$0(SpringLiquibase.java:294)
	at liquibase.Scope.lambda$child$0(Scope.java:186)
	at liquibase.Scope.child(Scope.java:195)
	at liquibase.Scope.child(Scope.java:185)
	at liquibase.Scope.child(Scope.java:164)
	at liquibase.Scope.child(Scope.java:252)
	at liquibase.integration.spring.SpringLiquibase.afterPropertiesSet(SpringLiquibase.java:287)
	at org.springframework.beans.factory.support.AbstractAutowireCapableBeanFactory.invokeInitMethods(AbstractAutowireCapableBeanFactory.java:1833)
	at org.springframework.beans.factory.support.AbstractAutowireCapableBeanFactory.initializeBean(AbstractAutowireCapableBeanFactory.java:1782)
	at org.springframework.beans.factory.support.AbstractAutowireCapableBeanFactory.doCreateBean(AbstractAutowireCapableBeanFactory.java:600)
	at org.springframework.beans.factory.support.AbstractAutowireCapableBeanFactory.createBean(AbstractAutowireCapableBeanFactory.java:522)
	at org.springframework.beans.factory.support.AbstractBeanFactory.lambda$doGetBean$0(AbstractBeanFactory.java:325)
	at org.springframework.beans.factory.support.DefaultSingletonBeanRegistry.getSingleton(DefaultSingletonBeanRegistry.java:234)
	at org.springframework.beans.factory.support.AbstractBeanFactory.doGetBean(AbstractBeanFactory.java:323)
	at org.springframework.beans.factory.support.AbstractBeanFactory.getBean(AbstractBeanFactory.java:199)
	at org.springframework.beans.factory.support.AbstractBeanFactory.doGetBean(AbstractBeanFactory.java:312)
	at org.springframework.beans.factory.support.AbstractBeanFactory.getBean(AbstractBeanFactory.java:199)
	at org.springframework.context.support.AbstractApplicationContext.getBean(AbstractApplicationContext.java:1231)
	at org.springframework.context.support.AbstractApplicationContext.finishBeanFactoryInitialization(AbstractApplicationContext.java:949)
	at org.springframework.context.support.AbstractApplicationContext.refresh(AbstractApplicationContext.java:624)
	at org.springframework.boot.web.servlet.context.ServletWebServerApplicationContext.refresh(ServletWebServerApplicationContext.java:146)
	at org.springframework.boot.SpringApplication.refresh(SpringApplication.java:754)
	at org.springframework.boot.SpringApplication.refreshContext(SpringApplication.java:456)
	at org.springframework.boot.SpringApplication.run(SpringApplication.java:334)
	at org.springframework.boot.SpringApplication.run(SpringApplication.java:1354)
	at org.springframework.boot.SpringApplication.run(SpringApplication.java:1343)
	at com.example.ticketmarket_pet.TicketMarketPetApplication.main(TicketMarketPetApplication.java:10)
Caused by: java.sql.SQLSyntaxErrorException: Table 'ticket_market.user_role' doesn't exist
	at com.mysql.cj.jdbc.exceptions.SQLError.createSQLException(SQLError.java:121)
	at com.mysql.cj.jdbc.exceptions.SQLExceptionsMapping.translateException(SQLExceptionsMapping.java:122)
	at com.mysql.cj.jdbc.StatementImpl.executeInternal(StatementImpl.java:770)
	at com.mysql.cj.jdbc.StatementImpl.execute(StatementImpl.java:653)
	at com.zaxxer.hikari.pool.ProxyStatement.execute(ProxyStatement.java:94)
	at com.zaxxer.hikari.pool.HikariProxyStatement.execute(HikariProxyStatement.java)
	at liquibase.executor.jvm.JdbcExecutor$ExecuteStatementCallback.doInStatement(JdbcExecutor.java:464)
	... 64 common frames omitted
30.04.2024 11:30:54.113 [main] WARN  o.s.b.w.s.c.AnnotationConfigServletWebServerApplicationContext - Exception encountered during context initialization - cancelling refresh attempt: org.springframework.beans.factory.BeanCreationException: Error creating bean with name 'liquibase' defined in class path resource [org/springframework/boot/autoconfigure/liquibase/LiquibaseAutoConfiguration$LiquibaseConfiguration.class]: liquibase.exception.CommandExecutionException: liquibase.exception.LiquibaseException: liquibase.exception.MigrationFailedException: Migration failed for changeset db/changelog/changes/v0.0.1-SNAPSHOT/insert-data-changelog.sql::1::6ezdar:
     Reason: liquibase.exception.DatabaseException: Table 'ticket_market.user_role' doesn't exist [Failed SQL: (1146) INSERT INTO user_role (user_info_id, role_id)
VALUES (UNHEX('6f8202f6b9034cc789aeb332b2d23de5'), UNHEX('9f8d21ee3b9b42cd8f2adf1a5f964356'))]
30.04.2024 11:30:54.141 [main] ERROR o.s.b.SpringApplication - Application run failed
org.springframework.beans.factory.BeanCreationException: Error creating bean with name 'liquibase' defined in class path resource [org/springframework/boot/autoconfigure/liquibase/LiquibaseAutoConfiguration$LiquibaseConfiguration.class]: liquibase.exception.CommandExecutionException: liquibase.exception.LiquibaseException: liquibase.exception.MigrationFailedException: Migration failed for changeset db/changelog/changes/v0.0.1-SNAPSHOT/insert-data-changelog.sql::1::6ezdar:
     Reason: liquibase.exception.DatabaseException: Table 'ticket_market.user_role' doesn't exist [Failed SQL: (1146) INSERT INTO user_role (user_info_id, role_id)
VALUES (UNHEX('6f8202f6b9034cc789aeb332b2d23de5'), UNHEX('9f8d21ee3b9b42cd8f2adf1a5f964356'))]
	at org.springframework.beans.factory.support.AbstractAutowireCapableBeanFactory.initializeBean(AbstractAutowireCapableBeanFactory.java:1786)
	at org.springframework.beans.factory.support.AbstractAutowireCapableBeanFactory.doCreateBean(AbstractAutowireCapableBeanFactory.java:600)
	at org.springframework.beans.factory.support.AbstractAutowireCapableBeanFactory.createBean(AbstractAutowireCapableBeanFactory.java:522)
	at org.springframework.beans.factory.support.AbstractBeanFactory.lambda$doGetBean$0(AbstractBeanFactory.java:325)
	at org.springframework.beans.factory.support.DefaultSingletonBeanRegistry.getSingleton(DefaultSingletonBeanRegistry.java:234)
	at org.springframework.beans.factory.support.AbstractBeanFactory.doGetBean(AbstractBeanFactory.java:323)
	at org.springframework.beans.factory.support.AbstractBeanFactory.getBean(AbstractBeanFactory.java:199)
	at org.springframework.beans.factory.support.AbstractBeanFactory.doGetBean(AbstractBeanFactory.java:312)
	at org.springframework.beans.factory.support.AbstractBeanFactory.getBean(AbstractBeanFactory.java:199)
	at org.springframework.context.support.AbstractApplicationContext.getBean(AbstractApplicationContext.java:1231)
	at org.springframework.context.support.AbstractApplicationContext.finishBeanFactoryInitialization(AbstractApplicationContext.java:949)
	at org.springframework.context.support.AbstractApplicationContext.refresh(AbstractApplicationContext.java:624)
	at org.springframework.boot.web.servlet.context.ServletWebServerApplicationContext.refresh(ServletWebServerApplicationContext.java:146)
	at org.springframework.boot.SpringApplication.refresh(SpringApplication.java:754)
	at org.springframework.boot.SpringApplication.refreshContext(SpringApplication.java:456)
	at org.springframework.boot.SpringApplication.run(SpringApplication.java:334)
	at org.springframework.boot.SpringApplication.run(SpringApplication.java:1354)
	at org.springframework.boot.SpringApplication.run(SpringApplication.java:1343)
	at com.example.ticketmarket_pet.TicketMarketPetApplication.main(TicketMarketPetApplication.java:10)
Caused by: liquibase.exception.UnexpectedLiquibaseException: liquibase.exception.CommandExecutionException: liquibase.exception.LiquibaseException: liquibase.exception.MigrationFailedException: Migration failed for changeset db/changelog/changes/v0.0.1-SNAPSHOT/insert-data-changelog.sql::1::6ezdar:
     Reason: liquibase.exception.DatabaseException: Table 'ticket_market.user_role' doesn't exist [Failed SQL: (1146) INSERT INTO user_role (user_info_id, role_id)
VALUES (UNHEX('6f8202f6b9034cc789aeb332b2d23de5'), UNHEX('9f8d21ee3b9b42cd8f2adf1a5f964356'))]
	at liquibase.integration.spring.SpringLiquibase.afterPropertiesSet(SpringLiquibase.java:304)
	at org.springframework.beans.factory.support.AbstractAutowireCapableBeanFactory.invokeInitMethods(AbstractAutowireCapableBeanFactory.java:1833)
	at org.springframework.beans.factory.support.AbstractAutowireCapableBeanFactory.initializeBean(AbstractAutowireCapableBeanFactory.java:1782)
	... 18 common frames omitted
Caused by: liquibase.exception.CommandExecutionException: liquibase.exception.LiquibaseException: liquibase.exception.MigrationFailedException: Migration failed for changeset db/changelog/changes/v0.0.1-SNAPSHOT/insert-data-changelog.sql::1::6ezdar:
     Reason: liquibase.exception.DatabaseException: Table 'ticket_market.user_role' doesn't exist [Failed SQL: (1146) INSERT INTO user_role (user_info_id, role_id)
VALUES (UNHEX('6f8202f6b9034cc789aeb332b2d23de5'), UNHEX('9f8d21ee3b9b42cd8f2adf1a5f964356'))]
	at liquibase.command.CommandScope.execute(CommandScope.java:253)
	at liquibase.Liquibase.lambda$update$0(Liquibase.java:245)
	at liquibase.Scope.lambda$child$0(Scope.java:186)
	at liquibase.Scope.child(Scope.java:195)
	at liquibase.Scope.child(Scope.java:185)
	at liquibase.Scope.child(Scope.java:164)
	at liquibase.Liquibase.runInScope(Liquibase.java:1419)
	at liquibase.Liquibase.update(Liquibase.java:234)
	at liquibase.Liquibase.update(Liquibase.java:212)
	at liquibase.integration.spring.SpringLiquibase.performUpdate(SpringLiquibase.java:343)
	at liquibase.integration.spring.SpringLiquibase.lambda$afterPropertiesSet$0(SpringLiquibase.java:294)
	at liquibase.Scope.lambda$child$0(Scope.java:186)
	at liquibase.Scope.child(Scope.java:195)
	at liquibase.Scope.child(Scope.java:185)
	at liquibase.Scope.child(Scope.java:164)
	at liquibase.Scope.child(Scope.java:252)
	at liquibase.integration.spring.SpringLiquibase.afterPropertiesSet(SpringLiquibase.java:287)
	... 20 common frames omitted
Caused by: liquibase.exception.LiquibaseException: liquibase.exception.MigrationFailedException: Migration failed for changeset db/changelog/changes/v0.0.1-SNAPSHOT/insert-data-changelog.sql::1::6ezdar:
     Reason: liquibase.exception.DatabaseException: Table 'ticket_market.user_role' doesn't exist [Failed SQL: (1146) INSERT INTO user_role (user_info_id, role_id)
VALUES (UNHEX('6f8202f6b9034cc789aeb332b2d23de5'), UNHEX('9f8d21ee3b9b42cd8f2adf1a5f964356'))]
	at liquibase.changelog.ChangeLogIterator.run(ChangeLogIterator.java:151)
	at liquibase.command.core.AbstractUpdateCommandStep.lambda$run$0(AbstractUpdateCommandStep.java:110)
	at liquibase.Scope.lambda$child$0(Scope.java:186)
	at liquibase.Scope.child(Scope.java:195)
	at liquibase.Scope.child(Scope.java:185)
	at liquibase.Scope.child(Scope.java:164)
	at liquibase.command.core.AbstractUpdateCommandStep.run(AbstractUpdateCommandStep.java:108)
	at liquibase.command.core.UpdateCommandStep.run(UpdateCommandStep.java:105)
	at liquibase.command.CommandScope.execute(CommandScope.java:217)
	... 36 common frames omitted
Caused by: liquibase.exception.MigrationFailedException: Migration failed for changeset db/changelog/changes/v0.0.1-SNAPSHOT/insert-data-changelog.sql::1::6ezdar:
     Reason: liquibase.exception.DatabaseException: Table 'ticket_market.user_role' doesn't exist [Failed SQL: (1146) INSERT INTO user_role (user_info_id, role_id)
VALUES (UNHEX('6f8202f6b9034cc789aeb332b2d23de5'), UNHEX('9f8d21ee3b9b42cd8f2adf1a5f964356'))]
	at liquibase.changelog.ChangeSet.execute(ChangeSet.java:797)
	at liquibase.changelog.visitor.UpdateVisitor.executeAcceptedChange(UpdateVisitor.java:119)
	at liquibase.changelog.visitor.UpdateVisitor.visit(UpdateVisitor.java:68)
	at liquibase.changelog.ChangeLogIterator$2.lambda$run$0(ChangeLogIterator.java:133)
	at liquibase.Scope.lambda$child$0(Scope.java:186)
	at liquibase.Scope.child(Scope.java:195)
	at liquibase.Scope.child(Scope.java:185)
	at liquibase.Scope.child(Scope.java:164)
	at liquibase.changelog.ChangeLogIterator$2.run(ChangeLogIterator.java:122)
	at liquibase.Scope.lambda$child$0(Scope.java:186)
	at liquibase.Scope.child(Scope.java:195)
	at liquibase.Scope.child(Scope.java:185)
	at liquibase.Scope.child(Scope.java:164)
	at liquibase.Scope.child(Scope.java:252)
	at liquibase.Scope.child(Scope.java:256)
	at liquibase.changelog.ChangeLogIterator.run(ChangeLogIterator.java:89)
	... 44 common frames omitted
Caused by: liquibase.exception.DatabaseException: Table 'ticket_market.user_role' doesn't exist [Failed SQL: (1146) INSERT INTO user_role (user_info_id, role_id)
VALUES (UNHEX('6f8202f6b9034cc789aeb332b2d23de5'), UNHEX('9f8d21ee3b9b42cd8f2adf1a5f964356'))]
	at liquibase.executor.jvm.JdbcExecutor$ExecuteStatementCallback.doInStatement(JdbcExecutor.java:470)
	at liquibase.executor.jvm.JdbcExecutor.execute(JdbcExecutor.java:77)
	at liquibase.executor.jvm.JdbcExecutor.execute(JdbcExecutor.java:179)
	at liquibase.executor.AbstractExecutor.execute(AbstractExecutor.java:141)
	at liquibase.database.AbstractJdbcDatabase.executeStatements(AbstractJdbcDatabase.java:1285)
	at liquibase.changelog.ChangeSet.execute(ChangeSet.java:755)
	... 59 common frames omitted
Caused by: java.sql.SQLSyntaxErrorException: Table 'ticket_market.user_role' doesn't exist
	at com.mysql.cj.jdbc.exceptions.SQLError.createSQLException(SQLError.java:121)
	at com.mysql.cj.jdbc.exceptions.SQLExceptionsMapping.translateException(SQLExceptionsMapping.java:122)
	at com.mysql.cj.jdbc.StatementImpl.executeInternal(StatementImpl.java:770)
	at com.mysql.cj.jdbc.StatementImpl.execute(StatementImpl.java:653)
	at com.zaxxer.hikari.pool.ProxyStatement.execute(ProxyStatement.java:94)
	at com.zaxxer.hikari.pool.HikariProxyStatement.execute(HikariProxyStatement.java)
	at liquibase.executor.jvm.JdbcExecutor$ExecuteStatementCallback.doInStatement(JdbcExecutor.java:464)
	... 64 common frames omitted
30.04.2024 11:31:49.603 [main] WARN  o.s.b.a.o.j.JpaBaseConfiguration$JpaWebConfiguration - spring.jpa.open-in-view is enabled by default. Therefore, database queries may be performed during view rendering. Explicitly configure spring.jpa.open-in-view to disable this warning
30.04.2024 11:32:04.058 [http-nio-8080-exec-5] ERROR o.s.s.w.a.UsernamePasswordAuthenticationFilter - An internal error occurred while trying to authenticate the user.
org.springframework.security.authentication.InternalAuthenticationServiceException: failed to lazily initialize a collection of role: com.example.ticketmarket_pet.entity.Role.authorities: could not initialize proxy - no Session
	at org.springframework.security.authentication.dao.DaoAuthenticationProvider.retrieveUser(DaoAuthenticationProvider.java:118)
	at org.springframework.security.authentication.dao.AbstractUserDetailsAuthenticationProvider.authenticate(AbstractUserDetailsAuthenticationProvider.java:133)
	at org.springframework.security.authentication.ProviderManager.authenticate(ProviderManager.java:182)
	at org.springframework.security.authentication.ProviderManager.authenticate(ProviderManager.java:201)
	at org.springframework.security.web.authentication.UsernamePasswordAuthenticationFilter.attemptAuthentication(UsernamePasswordAuthenticationFilter.java:85)
	at org.springframework.security.web.authentication.AbstractAuthenticationProcessingFilter.doFilter(AbstractAuthenticationProcessingFilter.java:231)
	at org.springframework.security.web.authentication.AbstractAuthenticationProcessingFilter.doFilter(AbstractAuthenticationProcessingFilter.java:221)
	at org.springframework.security.web.FilterChainProxy$VirtualFilterChain.doFilter(FilterChainProxy.java:374)
	at org.springframework.security.web.authentication.logout.LogoutFilter.doFilter(LogoutFilter.java:107)
	at org.springframework.security.web.authentication.logout.LogoutFilter.doFilter(LogoutFilter.java:93)
	at org.springframework.security.web.FilterChainProxy$VirtualFilterChain.doFilter(FilterChainProxy.java:374)
	at org.springframework.security.web.csrf.CsrfFilter.doFilterInternal(CsrfFilter.java:131)
	at org.springframework.web.filter.OncePerRequestFilter.doFilter(OncePerRequestFilter.java:116)
	at org.springframework.security.web.FilterChainProxy$VirtualFilterChain.doFilter(FilterChainProxy.java:374)
	at org.springframework.web.filter.CorsFilter.doFilterInternal(CorsFilter.java:91)
	at org.springframework.web.filter.OncePerRequestFilter.doFilter(OncePerRequestFilter.java:116)
	at org.springframework.security.web.FilterChainProxy$VirtualFilterChain.doFilter(FilterChainProxy.java:374)
	at org.springframework.security.web.header.HeaderWriterFilter.doHeadersAfter(HeaderWriterFilter.java:90)
	at org.springframework.security.web.header.HeaderWriterFilter.doFilterInternal(HeaderWriterFilter.java:75)
	at org.springframework.web.filter.OncePerRequestFilter.doFilter(OncePerRequestFilter.java:116)
	at org.springframework.security.web.FilterChainProxy$VirtualFilterChain.doFilter(FilterChainProxy.java:374)
	at org.springframework.security.web.context.SecurityContextHolderFilter.doFilter(SecurityContextHolderFilter.java:82)
	at org.springframework.security.web.context.SecurityContextHolderFilter.doFilter(SecurityContextHolderFilter.java:69)
	at org.springframework.security.web.FilterChainProxy$VirtualFilterChain.doFilter(FilterChainProxy.java:374)
	at org.springframework.security.web.context.request.async.WebAsyncManagerIntegrationFilter.doFilterInternal(WebAsyncManagerIntegrationFilter.java:62)
	at org.springframework.web.filter.OncePerRequestFilter.doFilter(OncePerRequestFilter.java:116)
	at org.springframework.security.web.FilterChainProxy$VirtualFilterChain.doFilter(FilterChainProxy.java:374)
	at org.springframework.security.web.session.DisableEncodeUrlFilter.doFilterInternal(DisableEncodeUrlFilter.java:42)
	at org.springframework.web.filter.OncePerRequestFilter.doFilter(OncePerRequestFilter.java:116)
	at org.springframework.security.web.FilterChainProxy$VirtualFilterChain.doFilter(FilterChainProxy.java:374)
	at org.springframework.security.web.FilterChainProxy.doFilterInternal(FilterChainProxy.java:233)
	at org.springframework.security.web.FilterChainProxy.doFilter(FilterChainProxy.java:191)
	at org.springframework.web.filter.CompositeFilter$VirtualFilterChain.doFilter(CompositeFilter.java:113)
	at org.springframework.web.servlet.handler.HandlerMappingIntrospector.lambda$createCacheFilter$3(HandlerMappingIntrospector.java:195)
	at org.springframework.web.filter.CompositeFilter$VirtualFilterChain.doFilter(CompositeFilter.java:113)
	at org.springframework.web.filter.CompositeFilter.doFilter(CompositeFilter.java:74)
	at org.springframework.security.config.annotation.web.configuration.WebMvcSecurityConfiguration$CompositeFilterChainProxy.doFilter(WebMvcSecurityConfiguration.java:230)
	at org.springframework.web.filter.DelegatingFilterProxy.invokeDelegate(DelegatingFilterProxy.java:352)
	at org.springframework.web.filter.DelegatingFilterProxy.doFilter(DelegatingFilterProxy.java:268)
	at org.apache.catalina.core.ApplicationFilterChain.internalDoFilter(ApplicationFilterChain.java:174)
	at org.apache.catalina.core.ApplicationFilterChain.doFilter(ApplicationFilterChain.java:149)
	at org.springframework.web.filter.RequestContextFilter.doFilterInternal(RequestContextFilter.java:100)
	at org.springframework.web.filter.OncePerRequestFilter.doFilter(OncePerRequestFilter.java:116)
	at org.apache.catalina.core.ApplicationFilterChain.internalDoFilter(ApplicationFilterChain.java:174)
	at org.apache.catalina.core.ApplicationFilterChain.doFilter(ApplicationFilterChain.java:149)
	at org.springframework.web.filter.FormContentFilter.doFilterInternal(FormContentFilter.java:93)
	at org.springframework.web.filter.OncePerRequestFilter.doFilter(OncePerRequestFilter.java:116)
	at org.apache.catalina.core.ApplicationFilterChain.internalDoFilter(ApplicationFilterChain.java:174)
	at org.apache.catalina.core.ApplicationFilterChain.doFilter(ApplicationFilterChain.java:149)
	at org.springframework.web.filter.CharacterEncodingFilter.doFilterInternal(CharacterEncodingFilter.java:201)
	at org.springframework.web.filter.OncePerRequestFilter.doFilter(OncePerRequestFilter.java:116)
	at org.apache.catalina.core.ApplicationFilterChain.internalDoFilter(ApplicationFilterChain.java:174)
	at org.apache.catalina.core.ApplicationFilterChain.doFilter(ApplicationFilterChain.java:149)
	at org.apache.catalina.core.StandardWrapperValve.invoke(StandardWrapperValve.java:167)
	at org.apache.catalina.core.StandardContextValve.invoke(StandardContextValve.java:90)
	at org.apache.catalina.authenticator.AuthenticatorBase.invoke(AuthenticatorBase.java:482)
	at org.apache.catalina.core.StandardHostValve.invoke(StandardHostValve.java:115)
	at org.apache.catalina.valves.ErrorReportValve.invoke(ErrorReportValve.java:93)
	at org.apache.catalina.core.StandardEngineValve.invoke(StandardEngineValve.java:74)
	at org.apache.catalina.connector.CoyoteAdapter.service(CoyoteAdapter.java:344)
	at org.apache.coyote.http11.Http11Processor.service(Http11Processor.java:391)
	at org.apache.coyote.AbstractProcessorLight.process(AbstractProcessorLight.java:63)
	at org.apache.coyote.AbstractProtocol$ConnectionHandler.process(AbstractProtocol.java:896)
	at org.apache.tomcat.util.net.NioEndpoint$SocketProcessor.doRun(NioEndpoint.java:1744)
	at org.apache.tomcat.util.net.SocketProcessorBase.run(SocketProcessorBase.java:52)
	at org.apache.tomcat.util.threads.ThreadPoolExecutor.runWorker(ThreadPoolExecutor.java:1191)
	at org.apache.tomcat.util.threads.ThreadPoolExecutor$Worker.run(ThreadPoolExecutor.java:659)
	at org.apache.tomcat.util.threads.TaskThread$WrappingRunnable.run(TaskThread.java:63)
	at java.base/java.lang.Thread.run(Thread.java:840)
Caused by: org.hibernate.LazyInitializationException: failed to lazily initialize a collection of role: com.example.ticketmarket_pet.entity.Role.authorities: could not initialize proxy - no Session
	at org.hibernate.collection.spi.AbstractPersistentCollection.throwLazyInitializationException(AbstractPersistentCollection.java:634)
	at org.hibernate.collection.spi.AbstractPersistentCollection.withTemporarySessionIfNeeded(AbstractPersistentCollection.java:217)
	at org.hibernate.collection.spi.AbstractPersistentCollection.initialize(AbstractPersistentCollection.java:613)
	at org.hibernate.collection.spi.AbstractPersistentCollection.read(AbstractPersistentCollection.java:136)
	at org.hibernate.collection.spi.PersistentSet.iterator(PersistentSet.java:169)
	at java.base/java.lang.Iterable.forEach(Iterable.java:74)
	at com.example.ticketmarket_pet.security.UserDetailsServiceImpl.getAuthorities(UserDetailsServiceImpl.java:43)
	at com.example.ticketmarket_pet.security.UserDetailsServiceImpl.loadUserByUsername(UserDetailsServiceImpl.java:34)
	at org.springframework.security.authentication.dao.DaoAuthenticationProvider.retrieveUser(DaoAuthenticationProvider.java:103)
	... 68 common frames omitted
30.04.2024 11:33:03.672 [main] WARN  o.s.b.a.o.j.JpaBaseConfiguration$JpaWebConfiguration - spring.jpa.open-in-view is enabled by default. Therefore, database queries may be performed during view rendering. Explicitly configure spring.jpa.open-in-view to disable this warning
30.04.2024 11:34:23.727 [main] WARN  o.h.orm.deprecation - HHH90000025: H2Dialect does not need to be specified explicitly using 'hibernate.dialect' (remove the property setting and it will be selected by default)
30.04.2024 11:34:27.340 [main] WARN  o.s.b.a.o.j.JpaBaseConfiguration$JpaWebConfiguration - spring.jpa.open-in-view is enabled by default. Therefore, database queries may be performed during view rendering. Explicitly configure spring.jpa.open-in-view to disable this warning
